The target system is: Generic - 1 - armv7-a
The host system is: Linux - 5.10.50-1-lts - x86_64
Compiling the C compiler identification source file "CMakeCCompilerId.c" succeeded.
Compiler: /media/onthego/Apps/VitaSDK/vitasdk/bin/arm-vita-eabi-gcc 
Build flags: ;-Wl,-q
Id flags:  

The output was:
0


Compilation of the C compiler identification source "CMakeCCompilerId.c" produced "a.out"

The C compiler identification is GNU, found in "/media/onthego/RegularPurpose/VitaCore/hello_world/build/CMakeFiles/3.20.5/CompilerIdC/a.out"

Compiling the CXX compiler identification source file "CMakeCXXCompilerId.cpp" succeeded.
Compiler: /media/onthego/Apps/VitaSDK/vitasdk/bin/arm-vita-eabi-g++ 
Build flags: ;-Wl,-q
Id flags:  

The output was:
0


Compilation of the CXX compiler identification source "CMakeCXXCompilerId.cpp" produced "a.out"

The CXX compiler identification is GNU, found in "/media/onthego/RegularPurpose/VitaCore/hello_world/build/CMakeFiles/3.20.5/CompilerIdCXX/a.out"

Detecting C compiler ABI info compiled with the following output:
Change Dir: /media/onthego/RegularPurpose/VitaCore/hello_world/build/CMakeFiles/CMakeTmp

Run Build Command(s):/bin/make -f Makefile cmTC_027fa/fast && /bin/make  -f CMakeFiles/cmTC_027fa.dir/build.make CMakeFiles/cmTC_027fa.dir/build
make[1]: Entering directory '/media/onthego/RegularPurpose/VitaCore/hello_world/build/CMakeFiles/CMakeTmp'
Building C object CMakeFiles/cmTC_027fa.dir/CMakeCCompilerABI.c.obj
/media/onthego/Apps/VitaSDK/vitasdk/bin/arm-vita-eabi-gcc   -Wl,-q    -v -o CMakeFiles/cmTC_027fa.dir/CMakeCCompilerABI.c.obj -c /usr/share/cmake-3.20/Modules/CMakeCCompilerABI.c
Using built-in specs.
COLLECT_GCC=/media/onthego/Apps/VitaSDK/vitasdk/bin/arm-vita-eabi-gcc
Target: arm-vita-eabi
Configured with: /home/travis/build/vitasdk/autobuilds/buildscripts/build/gcc-final-prefix/src/gcc-final/configure --build=x86_64-linux-gnu --host=x86_64-linux-gnu --target=arm-vita-eabi --prefix=/home/travis/build/vitasdk/autobuilds/buildscripts/build/vitasdk --libdir=/home/travis/build/vitasdk/autobuilds/buildscripts/build/vitasdk/lib --libexecdir=/home/travis/build/vitasdk/autobuilds/buildscripts/build/vitasdk/lib --with-sysroot=/home/travis/build/vitasdk/autobuilds/buildscripts/build/vitasdk/arm-vita-eabi --with-gmp=/home/travis/build/vitasdk/autobuilds/buildscripts/build/deps_build --with-mpfr=/home/travis/build/vitasdk/autobuilds/buildscripts/build/deps_build --with-mpc=/home/travis/build/vitasdk/autobuilds/buildscripts/build/deps_build --with-isl=/home/travis/build/vitasdk/autobuilds/buildscripts/build/deps_build --with-libelf=/home/travis/build/vitasdk/autobuilds/buildscripts/build/deps_build --with-python-dir=share/gcc-arm-vita-eabi --enable-languages=c,c++ --disable-decimal-float --disable-libffi --disable-libgomp --disable-libmudflap --disable-libquadmath --disable-libssp --disable-libstdcxx-pch --disable-nls --disable-shared --disable-tls --with-gnu-as --with-gnu-ld --with-newlib --disable-multilib --with-arch=armv7-a --with-tune=cortex-a9 --with-fpu=neon --with-float=hard --with-mode=thumb --with-pkgversion='GNU Tools for ARM Embedded Processors' --with-host-libstdcxx='-static-libgcc -Wl,-Bstatic,-lstdc++,-Bdynamic -lm' --with-headers=yes --enable-threads=posix CFLAGS= CXXFLAGS=
Thread model: posix
Supported LTO compression algorithms: zlib
gcc version 10.3.0 (GNU Tools for ARM Embedded Processors) 
COLLECT_GCC_OPTIONS='-v' '-o' 'CMakeFiles/cmTC_027fa.dir/CMakeCCompilerABI.c.obj' '-c'  '-mtune=cortex-a9' '-mfloat-abi=hard' '-mfpu=neon' '-mthumb' '-march=armv7-a+simd'
 /media/onthego/Apps/VitaSDK/vitasdk/bin/../lib/gcc/arm-vita-eabi/10.3.0/cc1 -quiet -v -iprefix /media/onthego/Apps/VitaSDK/vitasdk/bin/../lib/gcc/arm-vita-eabi/10.3.0/ -isysroot /media/onthego/Apps/VitaSDK/vitasdk/bin/../arm-vita-eabi -D__USES_INITFINI__ /usr/share/cmake-3.20/Modules/CMakeCCompilerABI.c -quiet -dumpbase CMakeCCompilerABI.c -mtune=cortex-a9 -mfloat-abi=hard -mfpu=neon -mthumb -march=armv7-a+simd -auxbase-strip CMakeFiles/cmTC_027fa.dir/CMakeCCompilerABI.c.obj -version -o /tmp/cciAW0MZ.s
GNU C17 (GNU Tools for ARM Embedded Processors) version 10.3.0 (arm-vita-eabi)
	compiled by GNU C version 4.8.4, GMP version 6.1.2, MPFR version 4.0.2, MPC version 1.1.0, isl version isl-0.21-GMP

GGC heuristics: --param ggc-min-expand=100 --param ggc-min-heapsize=131072
ignoring duplicate directory "/media/onthego/Apps/VitaSDK/vitasdk/bin/../lib/gcc/../../lib/gcc/arm-vita-eabi/10.3.0/include"
ignoring nonexistent directory "/media/onthego/Apps/VitaSDK/vitasdk/bin/../arm-vita-eabi/usr/local/include"
ignoring duplicate directory "/media/onthego/Apps/VitaSDK/vitasdk/bin/../lib/gcc/../../lib/gcc/arm-vita-eabi/10.3.0/include-fixed"
ignoring duplicate directory "/media/onthego/Apps/VitaSDK/vitasdk/bin/../lib/gcc/../../lib/gcc/arm-vita-eabi/10.3.0/../../../../arm-vita-eabi/include"
ignoring nonexistent directory "/media/onthego/Apps/VitaSDK/vitasdk/bin/../arm-vita-eabi/usr/include"
#include "..." search starts here:
#include <...> search starts here:
 /media/onthego/Apps/VitaSDK/vitasdk/bin/../lib/gcc/arm-vita-eabi/10.3.0/include
 /media/onthego/Apps/VitaSDK/vitasdk/bin/../lib/gcc/arm-vita-eabi/10.3.0/include-fixed
 /media/onthego/Apps/VitaSDK/vitasdk/bin/../lib/gcc/arm-vita-eabi/10.3.0/../../../../arm-vita-eabi/include
End of search list.
GNU C17 (GNU Tools for ARM Embedded Processors) version 10.3.0 (arm-vita-eabi)
	compiled by GNU C version 4.8.4, GMP version 6.1.2, MPFR version 4.0.2, MPC version 1.1.0, isl version isl-0.21-GMP

GGC heuristics: --param ggc-min-expand=100 --param ggc-min-heapsize=131072
Compiler executable checksum: 2450d9a41f46a6e89d8a8167d031acc9
COLLECT_GCC_OPTIONS='-v' '-o' 'CMakeFiles/cmTC_027fa.dir/CMakeCCompilerABI.c.obj' '-c'  '-mtune=cortex-a9' '-mfloat-abi=hard' '-mfpu=neon' '-mthumb' '-march=armv7-a+simd'
 /media/onthego/Apps/VitaSDK/vitasdk/bin/../lib/gcc/arm-vita-eabi/10.3.0/../../../../arm-vita-eabi/bin/as -v -march=armv7-a -mfloat-abi=hard -mfpu=neon -meabi=5 -o CMakeFiles/cmTC_027fa.dir/CMakeCCompilerABI.c.obj /tmp/cciAW0MZ.s
GNU assembler version 2.34 (arm-vita-eabi) using BFD version (GNU Tools for ARM Embedded Processors) 2.34
COMPILER_PATH=/media/onthego/Apps/VitaSDK/vitasdk/bin/../lib/gcc/arm-vita-eabi/10.3.0/:/media/onthego/Apps/VitaSDK/vitasdk/bin/../lib/gcc/:/media/onthego/Apps/VitaSDK/vitasdk/bin/../lib/gcc/arm-vita-eabi/10.3.0/../../../../arm-vita-eabi/bin/
LIBRARY_PATH=/media/onthego/Apps/VitaSDK/vitasdk/bin/../lib/gcc/arm-vita-eabi/10.3.0/:/media/onthego/Apps/VitaSDK/vitasdk/bin/../lib/gcc/:/media/onthego/Apps/VitaSDK/vitasdk/bin/../lib/gcc/arm-vita-eabi/10.3.0/../../../../arm-vita-eabi/lib/:/media/onthego/Apps/VitaSDK/vitasdk/bin/../arm-vita-eabi/lib/
COLLECT_GCC_OPTIONS='-v' '-o' 'CMakeFiles/cmTC_027fa.dir/CMakeCCompilerABI.c.obj' '-c'  '-mtune=cortex-a9' '-mfloat-abi=hard' '-mfpu=neon' '-mthumb' '-march=armv7-a+simd'
Linking C executable cmTC_027fa
/usr/bin/cmake -E cmake_link_script CMakeFiles/cmTC_027fa.dir/link.txt --verbose=1
/media/onthego/Apps/VitaSDK/vitasdk/bin/arm-vita-eabi-gcc  -Wl,-q  -Wl,-z,nocopyreloc -v CMakeFiles/cmTC_027fa.dir/CMakeCCompilerABI.c.obj -o cmTC_027fa 
Using built-in specs.
COLLECT_GCC=/media/onthego/Apps/VitaSDK/vitasdk/bin/arm-vita-eabi-gcc
COLLECT_LTO_WRAPPER=/media/onthego/Apps/VitaSDK/vitasdk/bin/../lib/gcc/arm-vita-eabi/10.3.0/lto-wrapper
Target: arm-vita-eabi
Configured with: /home/travis/build/vitasdk/autobuilds/buildscripts/build/gcc-final-prefix/src/gcc-final/configure --build=x86_64-linux-gnu --host=x86_64-linux-gnu --target=arm-vita-eabi --prefix=/home/travis/build/vitasdk/autobuilds/buildscripts/build/vitasdk --libdir=/home/travis/build/vitasdk/autobuilds/buildscripts/build/vitasdk/lib --libexecdir=/home/travis/build/vitasdk/autobuilds/buildscripts/build/vitasdk/lib --with-sysroot=/home/travis/build/vitasdk/autobuilds/buildscripts/build/vitasdk/arm-vita-eabi --with-gmp=/home/travis/build/vitasdk/autobuilds/buildscripts/build/deps_build --with-mpfr=/home/travis/build/vitasdk/autobuilds/buildscripts/build/deps_build --with-mpc=/home/travis/build/vitasdk/autobuilds/buildscripts/build/deps_build --with-isl=/home/travis/build/vitasdk/autobuilds/buildscripts/build/deps_build --with-libelf=/home/travis/build/vitasdk/autobuilds/buildscripts/build/deps_build --with-python-dir=share/gcc-arm-vita-eabi --enable-languages=c,c++ --disable-decimal-float --disable-libffi --disable-libgomp --disable-libmudflap --disable-libquadmath --disable-libssp --disable-libstdcxx-pch --disable-nls --disable-shared --disable-tls --with-gnu-as --with-gnu-ld --with-newlib --disable-multilib --with-arch=armv7-a --with-tune=cortex-a9 --with-fpu=neon --with-float=hard --with-mode=thumb --with-pkgversion='GNU Tools for ARM Embedded Processors' --with-host-libstdcxx='-static-libgcc -Wl,-Bstatic,-lstdc++,-Bdynamic -lm' --with-headers=yes --enable-threads=posix CFLAGS= CXXFLAGS=
Thread model: posix
Supported LTO compression algorithms: zlib
gcc version 10.3.0 (GNU Tools for ARM Embedded Processors) 
COMPILER_PATH=/media/onthego/Apps/VitaSDK/vitasdk/bin/../lib/gcc/arm-vita-eabi/10.3.0/:/media/onthego/Apps/VitaSDK/vitasdk/bin/../lib/gcc/:/media/onthego/Apps/VitaSDK/vitasdk/bin/../lib/gcc/arm-vita-eabi/10.3.0/../../../../arm-vita-eabi/bin/
LIBRARY_PATH=/media/onthego/Apps/VitaSDK/vitasdk/bin/../lib/gcc/arm-vita-eabi/10.3.0/:/media/onthego/Apps/VitaSDK/vitasdk/bin/../lib/gcc/:/media/onthego/Apps/VitaSDK/vitasdk/bin/../lib/gcc/arm-vita-eabi/10.3.0/../../../../arm-vita-eabi/lib/:/media/onthego/Apps/VitaSDK/vitasdk/bin/../arm-vita-eabi/lib/
COLLECT_GCC_OPTIONS='-v' '-o' 'cmTC_027fa'  '-mtune=cortex-a9' '-mfloat-abi=hard' '-mfpu=neon' '-mthumb' '-march=armv7-a+simd'
 /media/onthego/Apps/VitaSDK/vitasdk/bin/../lib/gcc/arm-vita-eabi/10.3.0/collect2 -plugin /media/onthego/Apps/VitaSDK/vitasdk/bin/../lib/gcc/arm-vita-eabi/10.3.0/liblto_plugin.so -plugin-opt=/media/onthego/Apps/VitaSDK/vitasdk/bin/../lib/gcc/arm-vita-eabi/10.3.0/lto-wrapper -plugin-opt=-fresolution=/tmp/ccofAClo.res -plugin-opt=-pass-through=-lgcc -plugin-opt=-pass-through=-lc -plugin-opt=-pass-through=-lSceRtc_stub -plugin-opt=-pass-through=-lSceSysmem_stub -plugin-opt=-pass-through=-lSceKernelThreadMgr_stub -plugin-opt=-pass-through=-lSceKernelModulemgr_stub -plugin-opt=-pass-through=-lSceIofilemgr_stub -plugin-opt=-pass-through=-lSceProcessmgr_stub -plugin-opt=-pass-through=-lSceLibKernel_stub -plugin-opt=-pass-through=-lSceNet_stub --sysroot=/media/onthego/Apps/VitaSDK/vitasdk/bin/../arm-vita-eabi -X -o cmTC_027fa /media/onthego/Apps/VitaSDK/vitasdk/bin/../lib/gcc/arm-vita-eabi/10.3.0/crti.o /media/onthego/Apps/VitaSDK/vitasdk/bin/../lib/gcc/arm-vita-eabi/10.3.0/crtbegin.o /media/onthego/Apps/VitaSDK/vitasdk/bin/../lib/gcc/arm-vita-eabi/10.3.0/../../../../arm-vita-eabi/lib/crt0.o -L/media/onthego/Apps/VitaSDK/vitasdk/bin/../lib/gcc/arm-vita-eabi/10.3.0 -L/media/onthego/Apps/VitaSDK/vitasdk/bin/../lib/gcc -L/media/onthego/Apps/VitaSDK/vitasdk/bin/../lib/gcc/arm-vita-eabi/10.3.0/../../../../arm-vita-eabi/lib -L/media/onthego/Apps/VitaSDK/vitasdk/bin/../arm-vita-eabi/lib -q -z nocopyreloc CMakeFiles/cmTC_027fa.dir/CMakeCCompilerABI.c.obj --start-group -lgcc -lc -lSceRtc_stub -lSceSysmem_stub -lSceKernelThreadMgr_stub -lSceKernelModulemgr_stub -lSceIofilemgr_stub -lSceProcessmgr_stub -lSceLibKernel_stub -lSceNet_stub --end-group /media/onthego/Apps/VitaSDK/vitasdk/bin/../lib/gcc/arm-vita-eabi/10.3.0/crtend.o /media/onthego/Apps/VitaSDK/vitasdk/bin/../lib/gcc/arm-vita-eabi/10.3.0/crtn.o
COLLECT_GCC_OPTIONS='-v' '-o' 'cmTC_027fa'  '-mtune=cortex-a9' '-mfloat-abi=hard' '-mfpu=neon' '-mthumb' '-march=armv7-a+simd'
make[1]: Leaving directory '/media/onthego/RegularPurpose/VitaCore/hello_world/build/CMakeFiles/CMakeTmp'



Parsed C implicit include dir info from above output: rv=done
  found start of include info
  found start of implicit include info
    add: [/media/onthego/Apps/VitaSDK/vitasdk/bin/../lib/gcc/arm-vita-eabi/10.3.0/include]
    add: [/media/onthego/Apps/VitaSDK/vitasdk/bin/../lib/gcc/arm-vita-eabi/10.3.0/include-fixed]
    add: [/media/onthego/Apps/VitaSDK/vitasdk/bin/../lib/gcc/arm-vita-eabi/10.3.0/../../../../arm-vita-eabi/include]
  end of search list found
  collapse include dir [/media/onthego/Apps/VitaSDK/vitasdk/bin/../lib/gcc/arm-vita-eabi/10.3.0/include] ==> [/media/onthego/Apps/VitaSDK/vitasdk/lib/gcc/arm-vita-eabi/10.3.0/include]
  collapse include dir [/media/onthego/Apps/VitaSDK/vitasdk/bin/../lib/gcc/arm-vita-eabi/10.3.0/include-fixed] ==> [/media/onthego/Apps/VitaSDK/vitasdk/lib/gcc/arm-vita-eabi/10.3.0/include-fixed]
  collapse include dir [/media/onthego/Apps/VitaSDK/vitasdk/bin/../lib/gcc/arm-vita-eabi/10.3.0/../../../../arm-vita-eabi/include] ==> [/media/onthego/Apps/VitaSDK/vitasdk/arm-vita-eabi/include]
  implicit include dirs: [/media/onthego/Apps/VitaSDK/vitasdk/lib/gcc/arm-vita-eabi/10.3.0/include;/media/onthego/Apps/VitaSDK/vitasdk/lib/gcc/arm-vita-eabi/10.3.0/include-fixed;/media/onthego/Apps/VitaSDK/vitasdk/arm-vita-eabi/include]


Parsed C implicit link information from above output:
  link line regex: [^( *|.*[/\])(arm-vita-eabi-ld|CMAKE_LINK_STARTFILE-NOTFOUND|([^/\]+-)?ld|collect2)[^/\]*( |$)]
  ignore line: [Change Dir: /media/onthego/RegularPurpose/VitaCore/hello_world/build/CMakeFiles/CMakeTmp]
  ignore line: []
  ignore line: [Run Build Command(s):/bin/make -f Makefile cmTC_027fa/fast && /bin/make  -f CMakeFiles/cmTC_027fa.dir/build.make CMakeFiles/cmTC_027fa.dir/build]
  ignore line: [make[1]: Entering directory '/media/onthego/RegularPurpose/VitaCore/hello_world/build/CMakeFiles/CMakeTmp']
  ignore line: [Building C object CMakeFiles/cmTC_027fa.dir/CMakeCCompilerABI.c.obj]
  ignore line: [/media/onthego/Apps/VitaSDK/vitasdk/bin/arm-vita-eabi-gcc   -Wl -q    -v -o CMakeFiles/cmTC_027fa.dir/CMakeCCompilerABI.c.obj -c /usr/share/cmake-3.20/Modules/CMakeCCompilerABI.c]
  ignore line: [Using built-in specs.]
  ignore line: [COLLECT_GCC=/media/onthego/Apps/VitaSDK/vitasdk/bin/arm-vita-eabi-gcc]
  ignore line: [Target: arm-vita-eabi]
  ignore line: [Configured with: /home/travis/build/vitasdk/autobuilds/buildscripts/build/gcc-final-prefix/src/gcc-final/configure --build=x86_64-linux-gnu --host=x86_64-linux-gnu --target=arm-vita-eabi --prefix=/home/travis/build/vitasdk/autobuilds/buildscripts/build/vitasdk --libdir=/home/travis/build/vitasdk/autobuilds/buildscripts/build/vitasdk/lib --libexecdir=/home/travis/build/vitasdk/autobuilds/buildscripts/build/vitasdk/lib --with-sysroot=/home/travis/build/vitasdk/autobuilds/buildscripts/build/vitasdk/arm-vita-eabi --with-gmp=/home/travis/build/vitasdk/autobuilds/buildscripts/build/deps_build --with-mpfr=/home/travis/build/vitasdk/autobuilds/buildscripts/build/deps_build --with-mpc=/home/travis/build/vitasdk/autobuilds/buildscripts/build/deps_build --with-isl=/home/travis/build/vitasdk/autobuilds/buildscripts/build/deps_build --with-libelf=/home/travis/build/vitasdk/autobuilds/buildscripts/build/deps_build --with-python-dir=share/gcc-arm-vita-eabi --enable-languages=c,c++ --disable-decimal-float --disable-libffi --disable-libgomp --disable-libmudflap --disable-libquadmath --disable-libssp --disable-libstdcxx-pch --disable-nls --disable-shared --disable-tls --with-gnu-as --with-gnu-ld --with-newlib --disable-multilib --with-arch=armv7-a --with-tune=cortex-a9 --with-fpu=neon --with-float=hard --with-mode=thumb --with-pkgversion='GNU Tools for ARM Embedded Processors' --with-host-libstdcxx='-static-libgcc -Wl,-Bstatic,-lstdc++,-Bdynamic -lm' --with-headers=yes --enable-threads=posix CFLAGS= CXXFLAGS=]
  ignore line: [Thread model: posix]
  ignore line: [Supported LTO compression algorithms: zlib]
  ignore line: [gcc version 10.3.0 (GNU Tools for ARM Embedded Processors) ]
  ignore line: [COLLECT_GCC_OPTIONS='-v' '-o' 'CMakeFiles/cmTC_027fa.dir/CMakeCCompilerABI.c.obj' '-c'  '-mtune=cortex-a9' '-mfloat-abi=hard' '-mfpu=neon' '-mthumb' '-march=armv7-a+simd']
  ignore line: [ /media/onthego/Apps/VitaSDK/vitasdk/bin/../lib/gcc/arm-vita-eabi/10.3.0/cc1 -quiet -v -iprefix /media/onthego/Apps/VitaSDK/vitasdk/bin/../lib/gcc/arm-vita-eabi/10.3.0/ -isysroot /media/onthego/Apps/VitaSDK/vitasdk/bin/../arm-vita-eabi -D__USES_INITFINI__ /usr/share/cmake-3.20/Modules/CMakeCCompilerABI.c -quiet -dumpbase CMakeCCompilerABI.c -mtune=cortex-a9 -mfloat-abi=hard -mfpu=neon -mthumb -march=armv7-a+simd -auxbase-strip CMakeFiles/cmTC_027fa.dir/CMakeCCompilerABI.c.obj -version -o /tmp/cciAW0MZ.s]
  ignore line: [GNU C17 (GNU Tools for ARM Embedded Processors) version 10.3.0 (arm-vita-eabi)]
  ignore line: [	compiled by GNU C version 4.8.4  GMP version 6.1.2  MPFR version 4.0.2  MPC version 1.1.0  isl version isl-0.21-GMP]
  ignore line: []
  ignore line: [GGC heuristics: --param ggc-min-expand=100 --param ggc-min-heapsize=131072]
  ignore line: [ignoring duplicate directory "/media/onthego/Apps/VitaSDK/vitasdk/bin/../lib/gcc/../../lib/gcc/arm-vita-eabi/10.3.0/include"]
  ignore line: [ignoring nonexistent directory "/media/onthego/Apps/VitaSDK/vitasdk/bin/../arm-vita-eabi/usr/local/include"]
  ignore line: [ignoring duplicate directory "/media/onthego/Apps/VitaSDK/vitasdk/bin/../lib/gcc/../../lib/gcc/arm-vita-eabi/10.3.0/include-fixed"]
  ignore line: [ignoring duplicate directory "/media/onthego/Apps/VitaSDK/vitasdk/bin/../lib/gcc/../../lib/gcc/arm-vita-eabi/10.3.0/../../../../arm-vita-eabi/include"]
  ignore line: [ignoring nonexistent directory "/media/onthego/Apps/VitaSDK/vitasdk/bin/../arm-vita-eabi/usr/include"]
  ignore line: [#include "..." search starts here:]
  ignore line: [#include <...> search starts here:]
  ignore line: [ /media/onthego/Apps/VitaSDK/vitasdk/bin/../lib/gcc/arm-vita-eabi/10.3.0/include]
  ignore line: [ /media/onthego/Apps/VitaSDK/vitasdk/bin/../lib/gcc/arm-vita-eabi/10.3.0/include-fixed]
  ignore line: [ /media/onthego/Apps/VitaSDK/vitasdk/bin/../lib/gcc/arm-vita-eabi/10.3.0/../../../../arm-vita-eabi/include]
  ignore line: [End of search list.]
  ignore line: [GNU C17 (GNU Tools for ARM Embedded Processors) version 10.3.0 (arm-vita-eabi)]
  ignore line: [	compiled by GNU C version 4.8.4  GMP version 6.1.2  MPFR version 4.0.2  MPC version 1.1.0  isl version isl-0.21-GMP]
  ignore line: []
  ignore line: [GGC heuristics: --param ggc-min-expand=100 --param ggc-min-heapsize=131072]
  ignore line: [Compiler executable checksum: 2450d9a41f46a6e89d8a8167d031acc9]
  ignore line: [COLLECT_GCC_OPTIONS='-v' '-o' 'CMakeFiles/cmTC_027fa.dir/CMakeCCompilerABI.c.obj' '-c'  '-mtune=cortex-a9' '-mfloat-abi=hard' '-mfpu=neon' '-mthumb' '-march=armv7-a+simd']
  ignore line: [ /media/onthego/Apps/VitaSDK/vitasdk/bin/../lib/gcc/arm-vita-eabi/10.3.0/../../../../arm-vita-eabi/bin/as -v -march=armv7-a -mfloat-abi=hard -mfpu=neon -meabi=5 -o CMakeFiles/cmTC_027fa.dir/CMakeCCompilerABI.c.obj /tmp/cciAW0MZ.s]
  ignore line: [GNU assembler version 2.34 (arm-vita-eabi) using BFD version (GNU Tools for ARM Embedded Processors) 2.34]
  ignore line: [COMPILER_PATH=/media/onthego/Apps/VitaSDK/vitasdk/bin/../lib/gcc/arm-vita-eabi/10.3.0/:/media/onthego/Apps/VitaSDK/vitasdk/bin/../lib/gcc/:/media/onthego/Apps/VitaSDK/vitasdk/bin/../lib/gcc/arm-vita-eabi/10.3.0/../../../../arm-vita-eabi/bin/]
  ignore line: [LIBRARY_PATH=/media/onthego/Apps/VitaSDK/vitasdk/bin/../lib/gcc/arm-vita-eabi/10.3.0/:/media/onthego/Apps/VitaSDK/vitasdk/bin/../lib/gcc/:/media/onthego/Apps/VitaSDK/vitasdk/bin/../lib/gcc/arm-vita-eabi/10.3.0/../../../../arm-vita-eabi/lib/:/media/onthego/Apps/VitaSDK/vitasdk/bin/../arm-vita-eabi/lib/]
  ignore line: [COLLECT_GCC_OPTIONS='-v' '-o' 'CMakeFiles/cmTC_027fa.dir/CMakeCCompilerABI.c.obj' '-c'  '-mtune=cortex-a9' '-mfloat-abi=hard' '-mfpu=neon' '-mthumb' '-march=armv7-a+simd']
  ignore line: [Linking C executable cmTC_027fa]
  ignore line: [/usr/bin/cmake -E cmake_link_script CMakeFiles/cmTC_027fa.dir/link.txt --verbose=1]
  ignore line: [/media/onthego/Apps/VitaSDK/vitasdk/bin/arm-vita-eabi-gcc  -Wl -q  -Wl -z nocopyreloc -v CMakeFiles/cmTC_027fa.dir/CMakeCCompilerABI.c.obj -o cmTC_027fa ]
  ignore line: [Using built-in specs.]
  ignore line: [COLLECT_GCC=/media/onthego/Apps/VitaSDK/vitasdk/bin/arm-vita-eabi-gcc]
  ignore line: [COLLECT_LTO_WRAPPER=/media/onthego/Apps/VitaSDK/vitasdk/bin/../lib/gcc/arm-vita-eabi/10.3.0/lto-wrapper]
  ignore line: [Target: arm-vita-eabi]
  ignore line: [Configured with: /home/travis/build/vitasdk/autobuilds/buildscripts/build/gcc-final-prefix/src/gcc-final/configure --build=x86_64-linux-gnu --host=x86_64-linux-gnu --target=arm-vita-eabi --prefix=/home/travis/build/vitasdk/autobuilds/buildscripts/build/vitasdk --libdir=/home/travis/build/vitasdk/autobuilds/buildscripts/build/vitasdk/lib --libexecdir=/home/travis/build/vitasdk/autobuilds/buildscripts/build/vitasdk/lib --with-sysroot=/home/travis/build/vitasdk/autobuilds/buildscripts/build/vitasdk/arm-vita-eabi --with-gmp=/home/travis/build/vitasdk/autobuilds/buildscripts/build/deps_build --with-mpfr=/home/travis/build/vitasdk/autobuilds/buildscripts/build/deps_build --with-mpc=/home/travis/build/vitasdk/autobuilds/buildscripts/build/deps_build --with-isl=/home/travis/build/vitasdk/autobuilds/buildscripts/build/deps_build --with-libelf=/home/travis/build/vitasdk/autobuilds/buildscripts/build/deps_build --with-python-dir=share/gcc-arm-vita-eabi --enable-languages=c,c++ --disable-decimal-float --disable-libffi --disable-libgomp --disable-libmudflap --disable-libquadmath --disable-libssp --disable-libstdcxx-pch --disable-nls --disable-shared --disable-tls --with-gnu-as --with-gnu-ld --with-newlib --disable-multilib --with-arch=armv7-a --with-tune=cortex-a9 --with-fpu=neon --with-float=hard --with-mode=thumb --with-pkgversion='GNU Tools for ARM Embedded Processors' --with-host-libstdcxx='-static-libgcc -Wl,-Bstatic,-lstdc++,-Bdynamic -lm' --with-headers=yes --enable-threads=posix CFLAGS= CXXFLAGS=]
  ignore line: [Thread model: posix]
  ignore line: [Supported LTO compression algorithms: zlib]
  ignore line: [gcc version 10.3.0 (GNU Tools for ARM Embedded Processors) ]
  ignore line: [COMPILER_PATH=/media/onthego/Apps/VitaSDK/vitasdk/bin/../lib/gcc/arm-vita-eabi/10.3.0/:/media/onthego/Apps/VitaSDK/vitasdk/bin/../lib/gcc/:/media/onthego/Apps/VitaSDK/vitasdk/bin/../lib/gcc/arm-vita-eabi/10.3.0/../../../../arm-vita-eabi/bin/]
  ignore line: [LIBRARY_PATH=/media/onthego/Apps/VitaSDK/vitasdk/bin/../lib/gcc/arm-vita-eabi/10.3.0/:/media/onthego/Apps/VitaSDK/vitasdk/bin/../lib/gcc/:/media/onthego/Apps/VitaSDK/vitasdk/bin/../lib/gcc/arm-vita-eabi/10.3.0/../../../../arm-vita-eabi/lib/:/media/onthego/Apps/VitaSDK/vitasdk/bin/../arm-vita-eabi/lib/]
  ignore line: [COLLECT_GCC_OPTIONS='-v' '-o' 'cmTC_027fa'  '-mtune=cortex-a9' '-mfloat-abi=hard' '-mfpu=neon' '-mthumb' '-march=armv7-a+simd']
  link line: [ /media/onthego/Apps/VitaSDK/vitasdk/bin/../lib/gcc/arm-vita-eabi/10.3.0/collect2 -plugin /media/onthego/Apps/VitaSDK/vitasdk/bin/../lib/gcc/arm-vita-eabi/10.3.0/liblto_plugin.so -plugin-opt=/media/onthego/Apps/VitaSDK/vitasdk/bin/../lib/gcc/arm-vita-eabi/10.3.0/lto-wrapper -plugin-opt=-fresolution=/tmp/ccofAClo.res -plugin-opt=-pass-through=-lgcc -plugin-opt=-pass-through=-lc -plugin-opt=-pass-through=-lSceRtc_stub -plugin-opt=-pass-through=-lSceSysmem_stub -plugin-opt=-pass-through=-lSceKernelThreadMgr_stub -plugin-opt=-pass-through=-lSceKernelModulemgr_stub -plugin-opt=-pass-through=-lSceIofilemgr_stub -plugin-opt=-pass-through=-lSceProcessmgr_stub -plugin-opt=-pass-through=-lSceLibKernel_stub -plugin-opt=-pass-through=-lSceNet_stub --sysroot=/media/onthego/Apps/VitaSDK/vitasdk/bin/../arm-vita-eabi -X -o cmTC_027fa /media/onthego/Apps/VitaSDK/vitasdk/bin/../lib/gcc/arm-vita-eabi/10.3.0/crti.o /media/onthego/Apps/VitaSDK/vitasdk/bin/../lib/gcc/arm-vita-eabi/10.3.0/crtbegin.o /media/onthego/Apps/VitaSDK/vitasdk/bin/../lib/gcc/arm-vita-eabi/10.3.0/../../../../arm-vita-eabi/lib/crt0.o -L/media/onthego/Apps/VitaSDK/vitasdk/bin/../lib/gcc/arm-vita-eabi/10.3.0 -L/media/onthego/Apps/VitaSDK/vitasdk/bin/../lib/gcc -L/media/onthego/Apps/VitaSDK/vitasdk/bin/../lib/gcc/arm-vita-eabi/10.3.0/../../../../arm-vita-eabi/lib -L/media/onthego/Apps/VitaSDK/vitasdk/bin/../arm-vita-eabi/lib -q -z nocopyreloc CMakeFiles/cmTC_027fa.dir/CMakeCCompilerABI.c.obj --start-group -lgcc -lc -lSceRtc_stub -lSceSysmem_stub -lSceKernelThreadMgr_stub -lSceKernelModulemgr_stub -lSceIofilemgr_stub -lSceProcessmgr_stub -lSceLibKernel_stub -lSceNet_stub --end-group /media/onthego/Apps/VitaSDK/vitasdk/bin/../lib/gcc/arm-vita-eabi/10.3.0/crtend.o /media/onthego/Apps/VitaSDK/vitasdk/bin/../lib/gcc/arm-vita-eabi/10.3.0/crtn.o]
    arg [/media/onthego/Apps/VitaSDK/vitasdk/bin/../lib/gcc/arm-vita-eabi/10.3.0/collect2] ==> ignore
    arg [-plugin] ==> ignore
    arg [/media/onthego/Apps/VitaSDK/vitasdk/bin/../lib/gcc/arm-vita-eabi/10.3.0/liblto_plugin.so] ==> ignore
    arg [-plugin-opt=/media/onthego/Apps/VitaSDK/vitasdk/bin/../lib/gcc/arm-vita-eabi/10.3.0/lto-wrapper] ==> ignore
    arg [-plugin-opt=-fresolution=/tmp/ccofAClo.res] ==> ignore
    arg [-plugin-opt=-pass-through=-lgcc] ==> ignore
    arg [-plugin-opt=-pass-through=-lc] ==> ignore
    arg [-plugin-opt=-pass-through=-lSceRtc_stub] ==> ignore
    arg [-plugin-opt=-pass-through=-lSceSysmem_stub] ==> ignore
    arg [-plugin-opt=-pass-through=-lSceKernelThreadMgr_stub] ==> ignore
    arg [-plugin-opt=-pass-through=-lSceKernelModulemgr_stub] ==> ignore
    arg [-plugin-opt=-pass-through=-lSceIofilemgr_stub] ==> ignore
    arg [-plugin-opt=-pass-through=-lSceProcessmgr_stub] ==> ignore
    arg [-plugin-opt=-pass-through=-lSceLibKernel_stub] ==> ignore
    arg [-plugin-opt=-pass-through=-lSceNet_stub] ==> ignore
    arg [--sysroot=/media/onthego/Apps/VitaSDK/vitasdk/bin/../arm-vita-eabi] ==> ignore
    arg [-X] ==> ignore
    arg [-o] ==> ignore
    arg [cmTC_027fa] ==> ignore
    arg [/media/onthego/Apps/VitaSDK/vitasdk/bin/../lib/gcc/arm-vita-eabi/10.3.0/crti.o] ==> obj [/media/onthego/Apps/VitaSDK/vitasdk/bin/../lib/gcc/arm-vita-eabi/10.3.0/crti.o]
    arg [/media/onthego/Apps/VitaSDK/vitasdk/bin/../lib/gcc/arm-vita-eabi/10.3.0/crtbegin.o] ==> obj [/media/onthego/Apps/VitaSDK/vitasdk/bin/../lib/gcc/arm-vita-eabi/10.3.0/crtbegin.o]
    arg [/media/onthego/Apps/VitaSDK/vitasdk/bin/../lib/gcc/arm-vita-eabi/10.3.0/../../../../arm-vita-eabi/lib/crt0.o] ==> obj [/media/onthego/Apps/VitaSDK/vitasdk/bin/../lib/gcc/arm-vita-eabi/10.3.0/../../../../arm-vita-eabi/lib/crt0.o]
    arg [-L/media/onthego/Apps/VitaSDK/vitasdk/bin/../lib/gcc/arm-vita-eabi/10.3.0] ==> dir [/media/onthego/Apps/VitaSDK/vitasdk/bin/../lib/gcc/arm-vita-eabi/10.3.0]
    arg [-L/media/onthego/Apps/VitaSDK/vitasdk/bin/../lib/gcc] ==> dir [/media/onthego/Apps/VitaSDK/vitasdk/bin/../lib/gcc]
    arg [-L/media/onthego/Apps/VitaSDK/vitasdk/bin/../lib/gcc/arm-vita-eabi/10.3.0/../../../../arm-vita-eabi/lib] ==> dir [/media/onthego/Apps/VitaSDK/vitasdk/bin/../lib/gcc/arm-vita-eabi/10.3.0/../../../../arm-vita-eabi/lib]
    arg [-L/media/onthego/Apps/VitaSDK/vitasdk/bin/../arm-vita-eabi/lib] ==> dir [/media/onthego/Apps/VitaSDK/vitasdk/bin/../arm-vita-eabi/lib]
    arg [-q] ==> ignore
    arg [-znocopyreloc] ==> ignore
    arg [CMakeFiles/cmTC_027fa.dir/CMakeCCompilerABI.c.obj] ==> ignore
    arg [--start-group] ==> ignore
    arg [-lgcc] ==> lib [gcc]
    arg [-lc] ==> lib [c]
    arg [-lSceRtc_stub] ==> lib [SceRtc_stub]
    arg [-lSceSysmem_stub] ==> lib [SceSysmem_stub]
    arg [-lSceKernelThreadMgr_stub] ==> lib [SceKernelThreadMgr_stub]
    arg [-lSceKernelModulemgr_stub] ==> lib [SceKernelModulemgr_stub]
    arg [-lSceIofilemgr_stub] ==> lib [SceIofilemgr_stub]
    arg [-lSceProcessmgr_stub] ==> lib [SceProcessmgr_stub]
    arg [-lSceLibKernel_stub] ==> lib [SceLibKernel_stub]
    arg [-lSceNet_stub] ==> lib [SceNet_stub]
    arg [--end-group] ==> ignore
    arg [/media/onthego/Apps/VitaSDK/vitasdk/bin/../lib/gcc/arm-vita-eabi/10.3.0/crtend.o] ==> obj [/media/onthego/Apps/VitaSDK/vitasdk/bin/../lib/gcc/arm-vita-eabi/10.3.0/crtend.o]
    arg [/media/onthego/Apps/VitaSDK/vitasdk/bin/../lib/gcc/arm-vita-eabi/10.3.0/crtn.o] ==> obj [/media/onthego/Apps/VitaSDK/vitasdk/bin/../lib/gcc/arm-vita-eabi/10.3.0/crtn.o]
  collapse obj [/media/onthego/Apps/VitaSDK/vitasdk/bin/../lib/gcc/arm-vita-eabi/10.3.0/crti.o] ==> [/media/onthego/Apps/VitaSDK/vitasdk/lib/gcc/arm-vita-eabi/10.3.0/crti.o]
  collapse obj [/media/onthego/Apps/VitaSDK/vitasdk/bin/../lib/gcc/arm-vita-eabi/10.3.0/crtbegin.o] ==> [/media/onthego/Apps/VitaSDK/vitasdk/lib/gcc/arm-vita-eabi/10.3.0/crtbegin.o]
  collapse obj [/media/onthego/Apps/VitaSDK/vitasdk/bin/../lib/gcc/arm-vita-eabi/10.3.0/../../../../arm-vita-eabi/lib/crt0.o] ==> [/media/onthego/Apps/VitaSDK/vitasdk/arm-vita-eabi/lib/crt0.o]
  collapse obj [/media/onthego/Apps/VitaSDK/vitasdk/bin/../lib/gcc/arm-vita-eabi/10.3.0/crtend.o] ==> [/media/onthego/Apps/VitaSDK/vitasdk/lib/gcc/arm-vita-eabi/10.3.0/crtend.o]
  collapse obj [/media/onthego/Apps/VitaSDK/vitasdk/bin/../lib/gcc/arm-vita-eabi/10.3.0/crtn.o] ==> [/media/onthego/Apps/VitaSDK/vitasdk/lib/gcc/arm-vita-eabi/10.3.0/crtn.o]
  collapse library dir [/media/onthego/Apps/VitaSDK/vitasdk/bin/../lib/gcc/arm-vita-eabi/10.3.0] ==> [/media/onthego/Apps/VitaSDK/vitasdk/lib/gcc/arm-vita-eabi/10.3.0]
  collapse library dir [/media/onthego/Apps/VitaSDK/vitasdk/bin/../lib/gcc] ==> [/media/onthego/Apps/VitaSDK/vitasdk/lib/gcc]
  collapse library dir [/media/onthego/Apps/VitaSDK/vitasdk/bin/../lib/gcc/arm-vita-eabi/10.3.0/../../../../arm-vita-eabi/lib] ==> [/media/onthego/Apps/VitaSDK/vitasdk/arm-vita-eabi/lib]
  collapse library dir [/media/onthego/Apps/VitaSDK/vitasdk/bin/../arm-vita-eabi/lib] ==> [/media/onthego/Apps/VitaSDK/vitasdk/arm-vita-eabi/lib]
  implicit libs: [gcc;c;SceRtc_stub;SceSysmem_stub;SceKernelThreadMgr_stub;SceKernelModulemgr_stub;SceIofilemgr_stub;SceProcessmgr_stub;SceLibKernel_stub;SceNet_stub]
  implicit objs: [/media/onthego/Apps/VitaSDK/vitasdk/lib/gcc/arm-vita-eabi/10.3.0/crti.o;/media/onthego/Apps/VitaSDK/vitasdk/lib/gcc/arm-vita-eabi/10.3.0/crtbegin.o;/media/onthego/Apps/VitaSDK/vitasdk/arm-vita-eabi/lib/crt0.o;/media/onthego/Apps/VitaSDK/vitasdk/lib/gcc/arm-vita-eabi/10.3.0/crtend.o;/media/onthego/Apps/VitaSDK/vitasdk/lib/gcc/arm-vita-eabi/10.3.0/crtn.o]
  implicit dirs: [/media/onthego/Apps/VitaSDK/vitasdk/lib/gcc/arm-vita-eabi/10.3.0;/media/onthego/Apps/VitaSDK/vitasdk/lib/gcc;/media/onthego/Apps/VitaSDK/vitasdk/arm-vita-eabi/lib]
  implicit fwks: []


Detecting CXX compiler ABI info compiled with the following output:
Change Dir: /media/onthego/RegularPurpose/VitaCore/hello_world/build/CMakeFiles/CMakeTmp

Run Build Command(s):/bin/make -f Makefile cmTC_b8745/fast && /bin/make  -f CMakeFiles/cmTC_b8745.dir/build.make CMakeFiles/cmTC_b8745.dir/build
make[1]: Entering directory '/media/onthego/RegularPurpose/VitaCore/hello_world/build/CMakeFiles/CMakeTmp'
Building CXX object CMakeFiles/cmTC_b8745.dir/CMakeCXXCompilerABI.cpp.obj
/media/onthego/Apps/VitaSDK/vitasdk/bin/arm-vita-eabi-g++   -Wl,-q    -v -o CMakeFiles/cmTC_b8745.dir/CMakeCXXCompilerABI.cpp.obj -c /usr/share/cmake-3.20/Modules/CMakeCXXCompilerABI.cpp
Using built-in specs.
COLLECT_GCC=/media/onthego/Apps/VitaSDK/vitasdk/bin/arm-vita-eabi-g++
Target: arm-vita-eabi
Configured with: /home/travis/build/vitasdk/autobuilds/buildscripts/build/gcc-final-prefix/src/gcc-final/configure --build=x86_64-linux-gnu --host=x86_64-linux-gnu --target=arm-vita-eabi --prefix=/home/travis/build/vitasdk/autobuilds/buildscripts/build/vitasdk --libdir=/home/travis/build/vitasdk/autobuilds/buildscripts/build/vitasdk/lib --libexecdir=/home/travis/build/vitasdk/autobuilds/buildscripts/build/vitasdk/lib --with-sysroot=/home/travis/build/vitasdk/autobuilds/buildscripts/build/vitasdk/arm-vita-eabi --with-gmp=/home/travis/build/vitasdk/autobuilds/buildscripts/build/deps_build --with-mpfr=/home/travis/build/vitasdk/autobuilds/buildscripts/build/deps_build --with-mpc=/home/travis/build/vitasdk/autobuilds/buildscripts/build/deps_build --with-isl=/home/travis/build/vitasdk/autobuilds/buildscripts/build/deps_build --with-libelf=/home/travis/build/vitasdk/autobuilds/buildscripts/build/deps_build --with-python-dir=share/gcc-arm-vita-eabi --enable-languages=c,c++ --disable-decimal-float --disable-libffi --disable-libgomp --disable-libmudflap --disable-libquadmath --disable-libssp --disable-libstdcxx-pch --disable-nls --disable-shared --disable-tls --with-gnu-as --with-gnu-ld --with-newlib --disable-multilib --with-arch=armv7-a --with-tune=cortex-a9 --with-fpu=neon --with-float=hard --with-mode=thumb --with-pkgversion='GNU Tools for ARM Embedded Processors' --with-host-libstdcxx='-static-libgcc -Wl,-Bstatic,-lstdc++,-Bdynamic -lm' --with-headers=yes --enable-threads=posix CFLAGS= CXXFLAGS=
Thread model: posix
Supported LTO compression algorithms: zlib
gcc version 10.3.0 (GNU Tools for ARM Embedded Processors) 
COLLECT_GCC_OPTIONS='-v' '-o' 'CMakeFiles/cmTC_b8745.dir/CMakeCXXCompilerABI.cpp.obj' '-c'  '-mtune=cortex-a9' '-mfloat-abi=hard' '-mfpu=neon' '-mthumb' '-march=armv7-a+simd'
 /media/onthego/Apps/VitaSDK/vitasdk/bin/../lib/gcc/arm-vita-eabi/10.3.0/cc1plus -quiet -v -iprefix /media/onthego/Apps/VitaSDK/vitasdk/bin/../lib/gcc/arm-vita-eabi/10.3.0/ -isysroot /media/onthego/Apps/VitaSDK/vitasdk/bin/../arm-vita-eabi -D__USES_INITFINI__ /usr/share/cmake-3.20/Modules/CMakeCXXCompilerABI.cpp -quiet -dumpbase CMakeCXXCompilerABI.cpp -mtune=cortex-a9 -mfloat-abi=hard -mfpu=neon -mthumb -march=armv7-a+simd -auxbase-strip CMakeFiles/cmTC_b8745.dir/CMakeCXXCompilerABI.cpp.obj -version -o /tmp/cclDSPiN.s
GNU C++14 (GNU Tools for ARM Embedded Processors) version 10.3.0 (arm-vita-eabi)
	compiled by GNU C version 4.8.4, GMP version 6.1.2, MPFR version 4.0.2, MPC version 1.1.0, isl version isl-0.21-GMP

GGC heuristics: --param ggc-min-expand=100 --param ggc-min-heapsize=131072
ignoring duplicate directory "/media/onthego/Apps/VitaSDK/vitasdk/bin/../lib/gcc/../../lib/gcc/arm-vita-eabi/10.3.0/../../../../arm-vita-eabi/include/c++/10.3.0"
ignoring duplicate directory "/media/onthego/Apps/VitaSDK/vitasdk/bin/../lib/gcc/../../lib/gcc/arm-vita-eabi/10.3.0/../../../../arm-vita-eabi/include/c++/10.3.0/arm-vita-eabi"
ignoring duplicate directory "/media/onthego/Apps/VitaSDK/vitasdk/bin/../lib/gcc/../../lib/gcc/arm-vita-eabi/10.3.0/../../../../arm-vita-eabi/include/c++/10.3.0/backward"
ignoring duplicate directory "/media/onthego/Apps/VitaSDK/vitasdk/bin/../lib/gcc/../../lib/gcc/arm-vita-eabi/10.3.0/include"
ignoring nonexistent directory "/media/onthego/Apps/VitaSDK/vitasdk/bin/../arm-vita-eabi/usr/local/include"
ignoring duplicate directory "/media/onthego/Apps/VitaSDK/vitasdk/bin/../lib/gcc/../../lib/gcc/arm-vita-eabi/10.3.0/include-fixed"
ignoring duplicate directory "/media/onthego/Apps/VitaSDK/vitasdk/bin/../lib/gcc/../../lib/gcc/arm-vita-eabi/10.3.0/../../../../arm-vita-eabi/include"
ignoring nonexistent directory "/media/onthego/Apps/VitaSDK/vitasdk/bin/../arm-vita-eabi/usr/include"
#include "..." search starts here:
#include <...> search starts here:
 /media/onthego/Apps/VitaSDK/vitasdk/bin/../lib/gcc/arm-vita-eabi/10.3.0/../../../../arm-vita-eabi/include/c++/10.3.0
 /media/onthego/Apps/VitaSDK/vitasdk/bin/../lib/gcc/arm-vita-eabi/10.3.0/../../../../arm-vita-eabi/include/c++/10.3.0/arm-vita-eabi
 /media/onthego/Apps/VitaSDK/vitasdk/bin/../lib/gcc/arm-vita-eabi/10.3.0/../../../../arm-vita-eabi/include/c++/10.3.0/backward
 /media/onthego/Apps/VitaSDK/vitasdk/bin/../lib/gcc/arm-vita-eabi/10.3.0/include
 /media/onthego/Apps/VitaSDK/vitasdk/bin/../lib/gcc/arm-vita-eabi/10.3.0/include-fixed
 /media/onthego/Apps/VitaSDK/vitasdk/bin/../lib/gcc/arm-vita-eabi/10.3.0/../../../../arm-vita-eabi/include
End of search list.
GNU C++14 (GNU Tools for ARM Embedded Processors) version 10.3.0 (arm-vita-eabi)
	compiled by GNU C version 4.8.4, GMP version 6.1.2, MPFR version 4.0.2, MPC version 1.1.0, isl version isl-0.21-GMP

GGC heuristics: --param ggc-min-expand=100 --param ggc-min-heapsize=131072
Compiler executable checksum: d70f366b7380b603ff725df043cca79f
COLLECT_GCC_OPTIONS='-v' '-o' 'CMakeFiles/cmTC_b8745.dir/CMakeCXXCompilerABI.cpp.obj' '-c'  '-mtune=cortex-a9' '-mfloat-abi=hard' '-mfpu=neon' '-mthumb' '-march=armv7-a+simd'
 /media/onthego/Apps/VitaSDK/vitasdk/bin/../lib/gcc/arm-vita-eabi/10.3.0/../../../../arm-vita-eabi/bin/as -v -march=armv7-a -mfloat-abi=hard -mfpu=neon -meabi=5 -o CMakeFiles/cmTC_b8745.dir/CMakeCXXCompilerABI.cpp.obj /tmp/cclDSPiN.s
GNU assembler version 2.34 (arm-vita-eabi) using BFD version (GNU Tools for ARM Embedded Processors) 2.34
COMPILER_PATH=/media/onthego/Apps/VitaSDK/vitasdk/bin/../lib/gcc/arm-vita-eabi/10.3.0/:/media/onthego/Apps/VitaSDK/vitasdk/bin/../lib/gcc/:/media/onthego/Apps/VitaSDK/vitasdk/bin/../lib/gcc/arm-vita-eabi/10.3.0/../../../../arm-vita-eabi/bin/
LIBRARY_PATH=/media/onthego/Apps/VitaSDK/vitasdk/bin/../lib/gcc/arm-vita-eabi/10.3.0/:/media/onthego/Apps/VitaSDK/vitasdk/bin/../lib/gcc/:/media/onthego/Apps/VitaSDK/vitasdk/bin/../lib/gcc/arm-vita-eabi/10.3.0/../../../../arm-vita-eabi/lib/:/media/onthego/Apps/VitaSDK/vitasdk/bin/../arm-vita-eabi/lib/
COLLECT_GCC_OPTIONS='-v' '-o' 'CMakeFiles/cmTC_b8745.dir/CMakeCXXCompilerABI.cpp.obj' '-c'  '-mtune=cortex-a9' '-mfloat-abi=hard' '-mfpu=neon' '-mthumb' '-march=armv7-a+simd'
Linking CXX executable cmTC_b8745
/usr/bin/cmake -E cmake_link_script CMakeFiles/cmTC_b8745.dir/link.txt --verbose=1
/media/onthego/Apps/VitaSDK/vitasdk/bin/arm-vita-eabi-g++  -Wl,-q  -Wl,-z,nocopyreloc -v CMakeFiles/cmTC_b8745.dir/CMakeCXXCompilerABI.cpp.obj -o cmTC_b8745 
Using built-in specs.
COLLECT_GCC=/media/onthego/Apps/VitaSDK/vitasdk/bin/arm-vita-eabi-g++
COLLECT_LTO_WRAPPER=/media/onthego/Apps/VitaSDK/vitasdk/bin/../lib/gcc/arm-vita-eabi/10.3.0/lto-wrapper
Target: arm-vita-eabi
Configured with: /home/travis/build/vitasdk/autobuilds/buildscripts/build/gcc-final-prefix/src/gcc-final/configure --build=x86_64-linux-gnu --host=x86_64-linux-gnu --target=arm-vita-eabi --prefix=/home/travis/build/vitasdk/autobuilds/buildscripts/build/vitasdk --libdir=/home/travis/build/vitasdk/autobuilds/buildscripts/build/vitasdk/lib --libexecdir=/home/travis/build/vitasdk/autobuilds/buildscripts/build/vitasdk/lib --with-sysroot=/home/travis/build/vitasdk/autobuilds/buildscripts/build/vitasdk/arm-vita-eabi --with-gmp=/home/travis/build/vitasdk/autobuilds/buildscripts/build/deps_build --with-mpfr=/home/travis/build/vitasdk/autobuilds/buildscripts/build/deps_build --with-mpc=/home/travis/build/vitasdk/autobuilds/buildscripts/build/deps_build --with-isl=/home/travis/build/vitasdk/autobuilds/buildscripts/build/deps_build --with-libelf=/home/travis/build/vitasdk/autobuilds/buildscripts/build/deps_build --with-python-dir=share/gcc-arm-vita-eabi --enable-languages=c,c++ --disable-decimal-float --disable-libffi --disable-libgomp --disable-libmudflap --disable-libquadmath --disable-libssp --disable-libstdcxx-pch --disable-nls --disable-shared --disable-tls --with-gnu-as --with-gnu-ld --with-newlib --disable-multilib --with-arch=armv7-a --with-tune=cortex-a9 --with-fpu=neon --with-float=hard --with-mode=thumb --with-pkgversion='GNU Tools for ARM Embedded Processors' --with-host-libstdcxx='-static-libgcc -Wl,-Bstatic,-lstdc++,-Bdynamic -lm' --with-headers=yes --enable-threads=posix CFLAGS= CXXFLAGS=
Thread model: posix
Supported LTO compression algorithms: zlib
gcc version 10.3.0 (GNU Tools for ARM Embedded Processors) 
COMPILER_PATH=/media/onthego/Apps/VitaSDK/vitasdk/bin/../lib/gcc/arm-vita-eabi/10.3.0/:/media/onthego/Apps/VitaSDK/vitasdk/bin/../lib/gcc/:/media/onthego/Apps/VitaSDK/vitasdk/bin/../lib/gcc/arm-vita-eabi/10.3.0/../../../../arm-vita-eabi/bin/
LIBRARY_PATH=/media/onthego/Apps/VitaSDK/vitasdk/bin/../lib/gcc/arm-vita-eabi/10.3.0/:/media/onthego/Apps/VitaSDK/vitasdk/bin/../lib/gcc/:/media/onthego/Apps/VitaSDK/vitasdk/bin/../lib/gcc/arm-vita-eabi/10.3.0/../../../../arm-vita-eabi/lib/:/media/onthego/Apps/VitaSDK/vitasdk/bin/../arm-vita-eabi/lib/
COLLECT_GCC_OPTIONS='-v' '-o' 'cmTC_b8745'  '-mtune=cortex-a9' '-mfloat-abi=hard' '-mfpu=neon' '-mthumb' '-march=armv7-a+simd'
 /media/onthego/Apps/VitaSDK/vitasdk/bin/../lib/gcc/arm-vita-eabi/10.3.0/collect2 -plugin /media/onthego/Apps/VitaSDK/vitasdk/bin/../lib/gcc/arm-vita-eabi/10.3.0/liblto_plugin.so -plugin-opt=/media/onthego/Apps/VitaSDK/vitasdk/bin/../lib/gcc/arm-vita-eabi/10.3.0/lto-wrapper -plugin-opt=-fresolution=/tmp/cc2ZiEpq.res -plugin-opt=-pass-through=-lgcc -plugin-opt=-pass-through=-lc -plugin-opt=-pass-through=-lSceRtc_stub -plugin-opt=-pass-through=-lSceSysmem_stub -plugin-opt=-pass-through=-lSceKernelThreadMgr_stub -plugin-opt=-pass-through=-lSceKernelModulemgr_stub -plugin-opt=-pass-through=-lSceIofilemgr_stub -plugin-opt=-pass-through=-lSceProcessmgr_stub -plugin-opt=-pass-through=-lSceLibKernel_stub -plugin-opt=-pass-through=-lSceNet_stub --sysroot=/media/onthego/Apps/VitaSDK/vitasdk/bin/../arm-vita-eabi -X -o cmTC_b8745 /media/onthego/Apps/VitaSDK/vitasdk/bin/../lib/gcc/arm-vita-eabi/10.3.0/crti.o /media/onthego/Apps/VitaSDK/vitasdk/bin/../lib/gcc/arm-vita-eabi/10.3.0/crtbegin.o /media/onthego/Apps/VitaSDK/vitasdk/bin/../lib/gcc/arm-vita-eabi/10.3.0/../../../../arm-vita-eabi/lib/crt0.o -L/media/onthego/Apps/VitaSDK/vitasdk/bin/../lib/gcc/arm-vita-eabi/10.3.0 -L/media/onthego/Apps/VitaSDK/vitasdk/bin/../lib/gcc -L/media/onthego/Apps/VitaSDK/vitasdk/bin/../lib/gcc/arm-vita-eabi/10.3.0/../../../../arm-vita-eabi/lib -L/media/onthego/Apps/VitaSDK/vitasdk/bin/../arm-vita-eabi/lib -q -z nocopyreloc CMakeFiles/cmTC_b8745.dir/CMakeCXXCompilerABI.cpp.obj -lstdc++ -lm --start-group -lgcc -lc -lSceRtc_stub -lSceSysmem_stub -lSceKernelThreadMgr_stub -lSceKernelModulemgr_stub -lSceIofilemgr_stub -lSceProcessmgr_stub -lSceLibKernel_stub -lSceNet_stub --end-group /media/onthego/Apps/VitaSDK/vitasdk/bin/../lib/gcc/arm-vita-eabi/10.3.0/crtend.o /media/onthego/Apps/VitaSDK/vitasdk/bin/../lib/gcc/arm-vita-eabi/10.3.0/crtn.o
COLLECT_GCC_OPTIONS='-v' '-o' 'cmTC_b8745'  '-mtune=cortex-a9' '-mfloat-abi=hard' '-mfpu=neon' '-mthumb' '-march=armv7-a+simd'
make[1]: Leaving directory '/media/onthego/RegularPurpose/VitaCore/hello_world/build/CMakeFiles/CMakeTmp'



Parsed CXX implicit include dir info from above output: rv=done
  found start of include info
  found start of implicit include info
    add: [/media/onthego/Apps/VitaSDK/vitasdk/bin/../lib/gcc/arm-vita-eabi/10.3.0/../../../../arm-vita-eabi/include/c++/10.3.0]
    add: [/media/onthego/Apps/VitaSDK/vitasdk/bin/../lib/gcc/arm-vita-eabi/10.3.0/../../../../arm-vita-eabi/include/c++/10.3.0/arm-vita-eabi]
    add: [/media/onthego/Apps/VitaSDK/vitasdk/bin/../lib/gcc/arm-vita-eabi/10.3.0/../../../../arm-vita-eabi/include/c++/10.3.0/backward]
    add: [/media/onthego/Apps/VitaSDK/vitasdk/bin/../lib/gcc/arm-vita-eabi/10.3.0/include]
    add: [/media/onthego/Apps/VitaSDK/vitasdk/bin/../lib/gcc/arm-vita-eabi/10.3.0/include-fixed]
    add: [/media/onthego/Apps/VitaSDK/vitasdk/bin/../lib/gcc/arm-vita-eabi/10.3.0/../../../../arm-vita-eabi/include]
  end of search list found
  collapse include dir [/media/onthego/Apps/VitaSDK/vitasdk/bin/../lib/gcc/arm-vita-eabi/10.3.0/../../../../arm-vita-eabi/include/c++/10.3.0] ==> [/media/onthego/Apps/VitaSDK/vitasdk/arm-vita-eabi/include/c++/10.3.0]
  collapse include dir [/media/onthego/Apps/VitaSDK/vitasdk/bin/../lib/gcc/arm-vita-eabi/10.3.0/../../../../arm-vita-eabi/include/c++/10.3.0/arm-vita-eabi] ==> [/media/onthego/Apps/VitaSDK/vitasdk/arm-vita-eabi/include/c++/10.3.0/arm-vita-eabi]
  collapse include dir [/media/onthego/Apps/VitaSDK/vitasdk/bin/../lib/gcc/arm-vita-eabi/10.3.0/../../../../arm-vita-eabi/include/c++/10.3.0/backward] ==> [/media/onthego/Apps/VitaSDK/vitasdk/arm-vita-eabi/include/c++/10.3.0/backward]
  collapse include dir [/media/onthego/Apps/VitaSDK/vitasdk/bin/../lib/gcc/arm-vita-eabi/10.3.0/include] ==> [/media/onthego/Apps/VitaSDK/vitasdk/lib/gcc/arm-vita-eabi/10.3.0/include]
  collapse include dir [/media/onthego/Apps/VitaSDK/vitasdk/bin/../lib/gcc/arm-vita-eabi/10.3.0/include-fixed] ==> [/media/onthego/Apps/VitaSDK/vitasdk/lib/gcc/arm-vita-eabi/10.3.0/include-fixed]
  collapse include dir [/media/onthego/Apps/VitaSDK/vitasdk/bin/../lib/gcc/arm-vita-eabi/10.3.0/../../../../arm-vita-eabi/include] ==> [/media/onthego/Apps/VitaSDK/vitasdk/arm-vita-eabi/include]
  implicit include dirs: [/media/onthego/Apps/VitaSDK/vitasdk/arm-vita-eabi/include/c++/10.3.0;/media/onthego/Apps/VitaSDK/vitasdk/arm-vita-eabi/include/c++/10.3.0/arm-vita-eabi;/media/onthego/Apps/VitaSDK/vitasdk/arm-vita-eabi/include/c++/10.3.0/backward;/media/onthego/Apps/VitaSDK/vitasdk/lib/gcc/arm-vita-eabi/10.3.0/include;/media/onthego/Apps/VitaSDK/vitasdk/lib/gcc/arm-vita-eabi/10.3.0/include-fixed;/media/onthego/Apps/VitaSDK/vitasdk/arm-vita-eabi/include]


Parsed CXX implicit link information from above output:
  link line regex: [^( *|.*[/\])(arm-vita-eabi-ld|CMAKE_LINK_STARTFILE-NOTFOUND|([^/\]+-)?ld|collect2)[^/\]*( |$)]
  ignore line: [Change Dir: /media/onthego/RegularPurpose/VitaCore/hello_world/build/CMakeFiles/CMakeTmp]
  ignore line: []
  ignore line: [Run Build Command(s):/bin/make -f Makefile cmTC_b8745/fast && /bin/make  -f CMakeFiles/cmTC_b8745.dir/build.make CMakeFiles/cmTC_b8745.dir/build]
  ignore line: [make[1]: Entering directory '/media/onthego/RegularPurpose/VitaCore/hello_world/build/CMakeFiles/CMakeTmp']
  ignore line: [Building CXX object CMakeFiles/cmTC_b8745.dir/CMakeCXXCompilerABI.cpp.obj]
  ignore line: [/media/onthego/Apps/VitaSDK/vitasdk/bin/arm-vita-eabi-g++   -Wl -q    -v -o CMakeFiles/cmTC_b8745.dir/CMakeCXXCompilerABI.cpp.obj -c /usr/share/cmake-3.20/Modules/CMakeCXXCompilerABI.cpp]
  ignore line: [Using built-in specs.]
  ignore line: [COLLECT_GCC=/media/onthego/Apps/VitaSDK/vitasdk/bin/arm-vita-eabi-g++]
  ignore line: [Target: arm-vita-eabi]
  ignore line: [Configured with: /home/travis/build/vitasdk/autobuilds/buildscripts/build/gcc-final-prefix/src/gcc-final/configure --build=x86_64-linux-gnu --host=x86_64-linux-gnu --target=arm-vita-eabi --prefix=/home/travis/build/vitasdk/autobuilds/buildscripts/build/vitasdk --libdir=/home/travis/build/vitasdk/autobuilds/buildscripts/build/vitasdk/lib --libexecdir=/home/travis/build/vitasdk/autobuilds/buildscripts/build/vitasdk/lib --with-sysroot=/home/travis/build/vitasdk/autobuilds/buildscripts/build/vitasdk/arm-vita-eabi --with-gmp=/home/travis/build/vitasdk/autobuilds/buildscripts/build/deps_build --with-mpfr=/home/travis/build/vitasdk/autobuilds/buildscripts/build/deps_build --with-mpc=/home/travis/build/vitasdk/autobuilds/buildscripts/build/deps_build --with-isl=/home/travis/build/vitasdk/autobuilds/buildscripts/build/deps_build --with-libelf=/home/travis/build/vitasdk/autobuilds/buildscripts/build/deps_build --with-python-dir=share/gcc-arm-vita-eabi --enable-languages=c,c++ --disable-decimal-float --disable-libffi --disable-libgomp --disable-libmudflap --disable-libquadmath --disable-libssp --disable-libstdcxx-pch --disable-nls --disable-shared --disable-tls --with-gnu-as --with-gnu-ld --with-newlib --disable-multilib --with-arch=armv7-a --with-tune=cortex-a9 --with-fpu=neon --with-float=hard --with-mode=thumb --with-pkgversion='GNU Tools for ARM Embedded Processors' --with-host-libstdcxx='-static-libgcc -Wl,-Bstatic,-lstdc++,-Bdynamic -lm' --with-headers=yes --enable-threads=posix CFLAGS= CXXFLAGS=]
  ignore line: [Thread model: posix]
  ignore line: [Supported LTO compression algorithms: zlib]
  ignore line: [gcc version 10.3.0 (GNU Tools for ARM Embedded Processors) ]
  ignore line: [COLLECT_GCC_OPTIONS='-v' '-o' 'CMakeFiles/cmTC_b8745.dir/CMakeCXXCompilerABI.cpp.obj' '-c'  '-mtune=cortex-a9' '-mfloat-abi=hard' '-mfpu=neon' '-mthumb' '-march=armv7-a+simd']
  ignore line: [ /media/onthego/Apps/VitaSDK/vitasdk/bin/../lib/gcc/arm-vita-eabi/10.3.0/cc1plus -quiet -v -iprefix /media/onthego/Apps/VitaSDK/vitasdk/bin/../lib/gcc/arm-vita-eabi/10.3.0/ -isysroot /media/onthego/Apps/VitaSDK/vitasdk/bin/../arm-vita-eabi -D__USES_INITFINI__ /usr/share/cmake-3.20/Modules/CMakeCXXCompilerABI.cpp -quiet -dumpbase CMakeCXXCompilerABI.cpp -mtune=cortex-a9 -mfloat-abi=hard -mfpu=neon -mthumb -march=armv7-a+simd -auxbase-strip CMakeFiles/cmTC_b8745.dir/CMakeCXXCompilerABI.cpp.obj -version -o /tmp/cclDSPiN.s]
  ignore line: [GNU C++14 (GNU Tools for ARM Embedded Processors) version 10.3.0 (arm-vita-eabi)]
  ignore line: [	compiled by GNU C version 4.8.4  GMP version 6.1.2  MPFR version 4.0.2  MPC version 1.1.0  isl version isl-0.21-GMP]
  ignore line: []
  ignore line: [GGC heuristics: --param ggc-min-expand=100 --param ggc-min-heapsize=131072]
  ignore line: [ignoring duplicate directory "/media/onthego/Apps/VitaSDK/vitasdk/bin/../lib/gcc/../../lib/gcc/arm-vita-eabi/10.3.0/../../../../arm-vita-eabi/include/c++/10.3.0"]
  ignore line: [ignoring duplicate directory "/media/onthego/Apps/VitaSDK/vitasdk/bin/../lib/gcc/../../lib/gcc/arm-vita-eabi/10.3.0/../../../../arm-vita-eabi/include/c++/10.3.0/arm-vita-eabi"]
  ignore line: [ignoring duplicate directory "/media/onthego/Apps/VitaSDK/vitasdk/bin/../lib/gcc/../../lib/gcc/arm-vita-eabi/10.3.0/../../../../arm-vita-eabi/include/c++/10.3.0/backward"]
  ignore line: [ignoring duplicate directory "/media/onthego/Apps/VitaSDK/vitasdk/bin/../lib/gcc/../../lib/gcc/arm-vita-eabi/10.3.0/include"]
  ignore line: [ignoring nonexistent directory "/media/onthego/Apps/VitaSDK/vitasdk/bin/../arm-vita-eabi/usr/local/include"]
  ignore line: [ignoring duplicate directory "/media/onthego/Apps/VitaSDK/vitasdk/bin/../lib/gcc/../../lib/gcc/arm-vita-eabi/10.3.0/include-fixed"]
  ignore line: [ignoring duplicate directory "/media/onthego/Apps/VitaSDK/vitasdk/bin/../lib/gcc/../../lib/gcc/arm-vita-eabi/10.3.0/../../../../arm-vita-eabi/include"]
  ignore line: [ignoring nonexistent directory "/media/onthego/Apps/VitaSDK/vitasdk/bin/../arm-vita-eabi/usr/include"]
  ignore line: [#include "..." search starts here:]
  ignore line: [#include <...> search starts here:]
  ignore line: [ /media/onthego/Apps/VitaSDK/vitasdk/bin/../lib/gcc/arm-vita-eabi/10.3.0/../../../../arm-vita-eabi/include/c++/10.3.0]
  ignore line: [ /media/onthego/Apps/VitaSDK/vitasdk/bin/../lib/gcc/arm-vita-eabi/10.3.0/../../../../arm-vita-eabi/include/c++/10.3.0/arm-vita-eabi]
  ignore line: [ /media/onthego/Apps/VitaSDK/vitasdk/bin/../lib/gcc/arm-vita-eabi/10.3.0/../../../../arm-vita-eabi/include/c++/10.3.0/backward]
  ignore line: [ /media/onthego/Apps/VitaSDK/vitasdk/bin/../lib/gcc/arm-vita-eabi/10.3.0/include]
  ignore line: [ /media/onthego/Apps/VitaSDK/vitasdk/bin/../lib/gcc/arm-vita-eabi/10.3.0/include-fixed]
  ignore line: [ /media/onthego/Apps/VitaSDK/vitasdk/bin/../lib/gcc/arm-vita-eabi/10.3.0/../../../../arm-vita-eabi/include]
  ignore line: [End of search list.]
  ignore line: [GNU C++14 (GNU Tools for ARM Embedded Processors) version 10.3.0 (arm-vita-eabi)]
  ignore line: [	compiled by GNU C version 4.8.4  GMP version 6.1.2  MPFR version 4.0.2  MPC version 1.1.0  isl version isl-0.21-GMP]
  ignore line: []
  ignore line: [GGC heuristics: --param ggc-min-expand=100 --param ggc-min-heapsize=131072]
  ignore line: [Compiler executable checksum: d70f366b7380b603ff725df043cca79f]
  ignore line: [COLLECT_GCC_OPTIONS='-v' '-o' 'CMakeFiles/cmTC_b8745.dir/CMakeCXXCompilerABI.cpp.obj' '-c'  '-mtune=cortex-a9' '-mfloat-abi=hard' '-mfpu=neon' '-mthumb' '-march=armv7-a+simd']
  ignore line: [ /media/onthego/Apps/VitaSDK/vitasdk/bin/../lib/gcc/arm-vita-eabi/10.3.0/../../../../arm-vita-eabi/bin/as -v -march=armv7-a -mfloat-abi=hard -mfpu=neon -meabi=5 -o CMakeFiles/cmTC_b8745.dir/CMakeCXXCompilerABI.cpp.obj /tmp/cclDSPiN.s]
  ignore line: [GNU assembler version 2.34 (arm-vita-eabi) using BFD version (GNU Tools for ARM Embedded Processors) 2.34]
  ignore line: [COMPILER_PATH=/media/onthego/Apps/VitaSDK/vitasdk/bin/../lib/gcc/arm-vita-eabi/10.3.0/:/media/onthego/Apps/VitaSDK/vitasdk/bin/../lib/gcc/:/media/onthego/Apps/VitaSDK/vitasdk/bin/../lib/gcc/arm-vita-eabi/10.3.0/../../../../arm-vita-eabi/bin/]
  ignore line: [LIBRARY_PATH=/media/onthego/Apps/VitaSDK/vitasdk/bin/../lib/gcc/arm-vita-eabi/10.3.0/:/media/onthego/Apps/VitaSDK/vitasdk/bin/../lib/gcc/:/media/onthego/Apps/VitaSDK/vitasdk/bin/../lib/gcc/arm-vita-eabi/10.3.0/../../../../arm-vita-eabi/lib/:/media/onthego/Apps/VitaSDK/vitasdk/bin/../arm-vita-eabi/lib/]
  ignore line: [COLLECT_GCC_OPTIONS='-v' '-o' 'CMakeFiles/cmTC_b8745.dir/CMakeCXXCompilerABI.cpp.obj' '-c'  '-mtune=cortex-a9' '-mfloat-abi=hard' '-mfpu=neon' '-mthumb' '-march=armv7-a+simd']
  ignore line: [Linking CXX executable cmTC_b8745]
  ignore line: [/usr/bin/cmake -E cmake_link_script CMakeFiles/cmTC_b8745.dir/link.txt --verbose=1]
  ignore line: [/media/onthego/Apps/VitaSDK/vitasdk/bin/arm-vita-eabi-g++  -Wl -q  -Wl -z nocopyreloc -v CMakeFiles/cmTC_b8745.dir/CMakeCXXCompilerABI.cpp.obj -o cmTC_b8745 ]
  ignore line: [Using built-in specs.]
  ignore line: [COLLECT_GCC=/media/onthego/Apps/VitaSDK/vitasdk/bin/arm-vita-eabi-g++]
  ignore line: [COLLECT_LTO_WRAPPER=/media/onthego/Apps/VitaSDK/vitasdk/bin/../lib/gcc/arm-vita-eabi/10.3.0/lto-wrapper]
  ignore line: [Target: arm-vita-eabi]
  ignore line: [Configured with: /home/travis/build/vitasdk/autobuilds/buildscripts/build/gcc-final-prefix/src/gcc-final/configure --build=x86_64-linux-gnu --host=x86_64-linux-gnu --target=arm-vita-eabi --prefix=/home/travis/build/vitasdk/autobuilds/buildscripts/build/vitasdk --libdir=/home/travis/build/vitasdk/autobuilds/buildscripts/build/vitasdk/lib --libexecdir=/home/travis/build/vitasdk/autobuilds/buildscripts/build/vitasdk/lib --with-sysroot=/home/travis/build/vitasdk/autobuilds/buildscripts/build/vitasdk/arm-vita-eabi --with-gmp=/home/travis/build/vitasdk/autobuilds/buildscripts/build/deps_build --with-mpfr=/home/travis/build/vitasdk/autobuilds/buildscripts/build/deps_build --with-mpc=/home/travis/build/vitasdk/autobuilds/buildscripts/build/deps_build --with-isl=/home/travis/build/vitasdk/autobuilds/buildscripts/build/deps_build --with-libelf=/home/travis/build/vitasdk/autobuilds/buildscripts/build/deps_build --with-python-dir=share/gcc-arm-vita-eabi --enable-languages=c,c++ --disable-decimal-float --disable-libffi --disable-libgomp --disable-libmudflap --disable-libquadmath --disable-libssp --disable-libstdcxx-pch --disable-nls --disable-shared --disable-tls --with-gnu-as --with-gnu-ld --with-newlib --disable-multilib --with-arch=armv7-a --with-tune=cortex-a9 --with-fpu=neon --with-float=hard --with-mode=thumb --with-pkgversion='GNU Tools for ARM Embedded Processors' --with-host-libstdcxx='-static-libgcc -Wl,-Bstatic,-lstdc++,-Bdynamic -lm' --with-headers=yes --enable-threads=posix CFLAGS= CXXFLAGS=]
  ignore line: [Thread model: posix]
  ignore line: [Supported LTO compression algorithms: zlib]
  ignore line: [gcc version 10.3.0 (GNU Tools for ARM Embedded Processors) ]
  ignore line: [COMPILER_PATH=/media/onthego/Apps/VitaSDK/vitasdk/bin/../lib/gcc/arm-vita-eabi/10.3.0/:/media/onthego/Apps/VitaSDK/vitasdk/bin/../lib/gcc/:/media/onthego/Apps/VitaSDK/vitasdk/bin/../lib/gcc/arm-vita-eabi/10.3.0/../../../../arm-vita-eabi/bin/]
  ignore line: [LIBRARY_PATH=/media/onthego/Apps/VitaSDK/vitasdk/bin/../lib/gcc/arm-vita-eabi/10.3.0/:/media/onthego/Apps/VitaSDK/vitasdk/bin/../lib/gcc/:/media/onthego/Apps/VitaSDK/vitasdk/bin/../lib/gcc/arm-vita-eabi/10.3.0/../../../../arm-vita-eabi/lib/:/media/onthego/Apps/VitaSDK/vitasdk/bin/../arm-vita-eabi/lib/]
  ignore line: [COLLECT_GCC_OPTIONS='-v' '-o' 'cmTC_b8745'  '-mtune=cortex-a9' '-mfloat-abi=hard' '-mfpu=neon' '-mthumb' '-march=armv7-a+simd']
  link line: [ /media/onthego/Apps/VitaSDK/vitasdk/bin/../lib/gcc/arm-vita-eabi/10.3.0/collect2 -plugin /media/onthego/Apps/VitaSDK/vitasdk/bin/../lib/gcc/arm-vita-eabi/10.3.0/liblto_plugin.so -plugin-opt=/media/onthego/Apps/VitaSDK/vitasdk/bin/../lib/gcc/arm-vita-eabi/10.3.0/lto-wrapper -plugin-opt=-fresolution=/tmp/cc2ZiEpq.res -plugin-opt=-pass-through=-lgcc -plugin-opt=-pass-through=-lc -plugin-opt=-pass-through=-lSceRtc_stub -plugin-opt=-pass-through=-lSceSysmem_stub -plugin-opt=-pass-through=-lSceKernelThreadMgr_stub -plugin-opt=-pass-through=-lSceKernelModulemgr_stub -plugin-opt=-pass-through=-lSceIofilemgr_stub -plugin-opt=-pass-through=-lSceProcessmgr_stub -plugin-opt=-pass-through=-lSceLibKernel_stub -plugin-opt=-pass-through=-lSceNet_stub --sysroot=/media/onthego/Apps/VitaSDK/vitasdk/bin/../arm-vita-eabi -X -o cmTC_b8745 /media/onthego/Apps/VitaSDK/vitasdk/bin/../lib/gcc/arm-vita-eabi/10.3.0/crti.o /media/onthego/Apps/VitaSDK/vitasdk/bin/../lib/gcc/arm-vita-eabi/10.3.0/crtbegin.o /media/onthego/Apps/VitaSDK/vitasdk/bin/../lib/gcc/arm-vita-eabi/10.3.0/../../../../arm-vita-eabi/lib/crt0.o -L/media/onthego/Apps/VitaSDK/vitasdk/bin/../lib/gcc/arm-vita-eabi/10.3.0 -L/media/onthego/Apps/VitaSDK/vitasdk/bin/../lib/gcc -L/media/onthego/Apps/VitaSDK/vitasdk/bin/../lib/gcc/arm-vita-eabi/10.3.0/../../../../arm-vita-eabi/lib -L/media/onthego/Apps/VitaSDK/vitasdk/bin/../arm-vita-eabi/lib -q -z nocopyreloc CMakeFiles/cmTC_b8745.dir/CMakeCXXCompilerABI.cpp.obj -lstdc++ -lm --start-group -lgcc -lc -lSceRtc_stub -lSceSysmem_stub -lSceKernelThreadMgr_stub -lSceKernelModulemgr_stub -lSceIofilemgr_stub -lSceProcessmgr_stub -lSceLibKernel_stub -lSceNet_stub --end-group /media/onthego/Apps/VitaSDK/vitasdk/bin/../lib/gcc/arm-vita-eabi/10.3.0/crtend.o /media/onthego/Apps/VitaSDK/vitasdk/bin/../lib/gcc/arm-vita-eabi/10.3.0/crtn.o]
    arg [/media/onthego/Apps/VitaSDK/vitasdk/bin/../lib/gcc/arm-vita-eabi/10.3.0/collect2] ==> ignore
    arg [-plugin] ==> ignore
    arg [/media/onthego/Apps/VitaSDK/vitasdk/bin/../lib/gcc/arm-vita-eabi/10.3.0/liblto_plugin.so] ==> ignore
    arg [-plugin-opt=/media/onthego/Apps/VitaSDK/vitasdk/bin/../lib/gcc/arm-vita-eabi/10.3.0/lto-wrapper] ==> ignore
    arg [-plugin-opt=-fresolution=/tmp/cc2ZiEpq.res] ==> ignore
    arg [-plugin-opt=-pass-through=-lgcc] ==> ignore
    arg [-plugin-opt=-pass-through=-lc] ==> ignore
    arg [-plugin-opt=-pass-through=-lSceRtc_stub] ==> ignore
    arg [-plugin-opt=-pass-through=-lSceSysmem_stub] ==> ignore
    arg [-plugin-opt=-pass-through=-lSceKernelThreadMgr_stub] ==> ignore
    arg [-plugin-opt=-pass-through=-lSceKernelModulemgr_stub] ==> ignore
    arg [-plugin-opt=-pass-through=-lSceIofilemgr_stub] ==> ignore
    arg [-plugin-opt=-pass-through=-lSceProcessmgr_stub] ==> ignore
    arg [-plugin-opt=-pass-through=-lSceLibKernel_stub] ==> ignore
    arg [-plugin-opt=-pass-through=-lSceNet_stub] ==> ignore
    arg [--sysroot=/media/onthego/Apps/VitaSDK/vitasdk/bin/../arm-vita-eabi] ==> ignore
    arg [-X] ==> ignore
    arg [-o] ==> ignore
    arg [cmTC_b8745] ==> ignore
    arg [/media/onthego/Apps/VitaSDK/vitasdk/bin/../lib/gcc/arm-vita-eabi/10.3.0/crti.o] ==> obj [/media/onthego/Apps/VitaSDK/vitasdk/bin/../lib/gcc/arm-vita-eabi/10.3.0/crti.o]
    arg [/media/onthego/Apps/VitaSDK/vitasdk/bin/../lib/gcc/arm-vita-eabi/10.3.0/crtbegin.o] ==> obj [/media/onthego/Apps/VitaSDK/vitasdk/bin/../lib/gcc/arm-vita-eabi/10.3.0/crtbegin.o]
    arg [/media/onthego/Apps/VitaSDK/vitasdk/bin/../lib/gcc/arm-vita-eabi/10.3.0/../../../../arm-vita-eabi/lib/crt0.o] ==> obj [/media/onthego/Apps/VitaSDK/vitasdk/bin/../lib/gcc/arm-vita-eabi/10.3.0/../../../../arm-vita-eabi/lib/crt0.o]
    arg [-L/media/onthego/Apps/VitaSDK/vitasdk/bin/../lib/gcc/arm-vita-eabi/10.3.0] ==> dir [/media/onthego/Apps/VitaSDK/vitasdk/bin/../lib/gcc/arm-vita-eabi/10.3.0]
    arg [-L/media/onthego/Apps/VitaSDK/vitasdk/bin/../lib/gcc] ==> dir [/media/onthego/Apps/VitaSDK/vitasdk/bin/../lib/gcc]
    arg [-L/media/onthego/Apps/VitaSDK/vitasdk/bin/../lib/gcc/arm-vita-eabi/10.3.0/../../../../arm-vita-eabi/lib] ==> dir [/media/onthego/Apps/VitaSDK/vitasdk/bin/../lib/gcc/arm-vita-eabi/10.3.0/../../../../arm-vita-eabi/lib]
    arg [-L/media/onthego/Apps/VitaSDK/vitasdk/bin/../arm-vita-eabi/lib] ==> dir [/media/onthego/Apps/VitaSDK/vitasdk/bin/../arm-vita-eabi/lib]
    arg [-q] ==> ignore
    arg [-znocopyreloc] ==> ignore
    arg [CMakeFiles/cmTC_b8745.dir/CMakeCXXCompilerABI.cpp.obj] ==> ignore
    arg [-lstdc++] ==> lib [stdc++]
    arg [-lm] ==> lib [m]
    arg [--start-group] ==> ignore
    arg [-lgcc] ==> lib [gcc]
    arg [-lc] ==> lib [c]
    arg [-lSceRtc_stub] ==> lib [SceRtc_stub]
    arg [-lSceSysmem_stub] ==> lib [SceSysmem_stub]
    arg [-lSceKernelThreadMgr_stub] ==> lib [SceKernelThreadMgr_stub]
    arg [-lSceKernelModulemgr_stub] ==> lib [SceKernelModulemgr_stub]
    arg [-lSceIofilemgr_stub] ==> lib [SceIofilemgr_stub]
    arg [-lSceProcessmgr_stub] ==> lib [SceProcessmgr_stub]
    arg [-lSceLibKernel_stub] ==> lib [SceLibKernel_stub]
    arg [-lSceNet_stub] ==> lib [SceNet_stub]
    arg [--end-group] ==> ignore
    arg [/media/onthego/Apps/VitaSDK/vitasdk/bin/../lib/gcc/arm-vita-eabi/10.3.0/crtend.o] ==> obj [/media/onthego/Apps/VitaSDK/vitasdk/bin/../lib/gcc/arm-vita-eabi/10.3.0/crtend.o]
    arg [/media/onthego/Apps/VitaSDK/vitasdk/bin/../lib/gcc/arm-vita-eabi/10.3.0/crtn.o] ==> obj [/media/onthego/Apps/VitaSDK/vitasdk/bin/../lib/gcc/arm-vita-eabi/10.3.0/crtn.o]
  collapse obj [/media/onthego/Apps/VitaSDK/vitasdk/bin/../lib/gcc/arm-vita-eabi/10.3.0/crti.o] ==> [/media/onthego/Apps/VitaSDK/vitasdk/lib/gcc/arm-vita-eabi/10.3.0/crti.o]
  collapse obj [/media/onthego/Apps/VitaSDK/vitasdk/bin/../lib/gcc/arm-vita-eabi/10.3.0/crtbegin.o] ==> [/media/onthego/Apps/VitaSDK/vitasdk/lib/gcc/arm-vita-eabi/10.3.0/crtbegin.o]
  collapse obj [/media/onthego/Apps/VitaSDK/vitasdk/bin/../lib/gcc/arm-vita-eabi/10.3.0/../../../../arm-vita-eabi/lib/crt0.o] ==> [/media/onthego/Apps/VitaSDK/vitasdk/arm-vita-eabi/lib/crt0.o]
  collapse obj [/media/onthego/Apps/VitaSDK/vitasdk/bin/../lib/gcc/arm-vita-eabi/10.3.0/crtend.o] ==> [/media/onthego/Apps/VitaSDK/vitasdk/lib/gcc/arm-vita-eabi/10.3.0/crtend.o]
  collapse obj [/media/onthego/Apps/VitaSDK/vitasdk/bin/../lib/gcc/arm-vita-eabi/10.3.0/crtn.o] ==> [/media/onthego/Apps/VitaSDK/vitasdk/lib/gcc/arm-vita-eabi/10.3.0/crtn.o]
  collapse library dir [/media/onthego/Apps/VitaSDK/vitasdk/bin/../lib/gcc/arm-vita-eabi/10.3.0] ==> [/media/onthego/Apps/VitaSDK/vitasdk/lib/gcc/arm-vita-eabi/10.3.0]
  collapse library dir [/media/onthego/Apps/VitaSDK/vitasdk/bin/../lib/gcc] ==> [/media/onthego/Apps/VitaSDK/vitasdk/lib/gcc]
  collapse library dir [/media/onthego/Apps/VitaSDK/vitasdk/bin/../lib/gcc/arm-vita-eabi/10.3.0/../../../../arm-vita-eabi/lib] ==> [/media/onthego/Apps/VitaSDK/vitasdk/arm-vita-eabi/lib]
  collapse library dir [/media/onthego/Apps/VitaSDK/vitasdk/bin/../arm-vita-eabi/lib] ==> [/media/onthego/Apps/VitaSDK/vitasdk/arm-vita-eabi/lib]
  implicit libs: [stdc++;m;gcc;c;SceRtc_stub;SceSysmem_stub;SceKernelThreadMgr_stub;SceKernelModulemgr_stub;SceIofilemgr_stub;SceProcessmgr_stub;SceLibKernel_stub;SceNet_stub]
  implicit objs: [/media/onthego/Apps/VitaSDK/vitasdk/lib/gcc/arm-vita-eabi/10.3.0/crti.o;/media/onthego/Apps/VitaSDK/vitasdk/lib/gcc/arm-vita-eabi/10.3.0/crtbegin.o;/media/onthego/Apps/VitaSDK/vitasdk/arm-vita-eabi/lib/crt0.o;/media/onthego/Apps/VitaSDK/vitasdk/lib/gcc/arm-vita-eabi/10.3.0/crtend.o;/media/onthego/Apps/VitaSDK/vitasdk/lib/gcc/arm-vita-eabi/10.3.0/crtn.o]
  implicit dirs: [/media/onthego/Apps/VitaSDK/vitasdk/lib/gcc/arm-vita-eabi/10.3.0;/media/onthego/Apps/VitaSDK/vitasdk/lib/gcc;/media/onthego/Apps/VitaSDK/vitasdk/arm-vita-eabi/lib]
  implicit fwks: []


